<?xml version="1.0" encoding="UTF-8"?>
<!-- Generated by org.testng.reporters.JUnitReportReporter -->
<testsuite hostname="LAPTOP-TV2ANJ2T" failures="0" tests="1" name="com.extent.report.RawClass" time="3.095" errors="0" timestamp="2023-08-07T12:59:59 IST" skipped="0">
  <testcase classname="com.extent.report.RawClass" name="rawMethodForCapabilitiesBrowser" time="3.095"/>
</testsuite> <!-- com.extent.report.RawClass -->
